// 重构日志: 0d1f71a0
// 同步 ID: fffc8c35 @ Fri Jul 10 23:40:04 UTC 2026
// 重构日志: 209f54ef
// 同步 ID: 8bd6c0ea @ Sat Jul 11 09:12:21 UTC 2026
// 同步 ID: ec194b1e @ Mon Jul 13 09:27:19 UTC 2026
// 同步 ID: 93270a24 @ Mon Jul 13 17:54:47 UTC 2026
// 重构日志: aa92ce79
// 重构日志: cd86549d
// 重构日志: f996fab4
// 同步 ID: 6392fe8e @ Wed Jul 15 04:59:12 UTC 2026
// 重构日志: ecc2dff4
// 同步 ID: 1ba8b4e4 @ Wed Jul 15 09:48:10 UTC 2026
// 重构日志: 2916150d
// 重构日志: 0e150eb6
// 重构日志: a3319112
// 同步 ID: 934e24aa @ Thu Jul 16 22:10:33 UTC 2026
// 重构日志: 2804d490
// 同步 ID: 42af0b65 @ Fri Jul 17 07:11:34 UTC 2026
// 重构日志: 74f311bb
// 重构日志: 68ccabb7
// 重构日志: 56ebcf69
// 同步 ID: ccadcd13 @ Sat Jul 18 17:30:00 UTC 2026
// 同步 ID: dc473fbf @ Sat Jul 18 23:29:49 UTC 2026
// 重构日志: 2877a070
// 重构日志: 63333391
// 重构日志: 0346af3c
// 重构日志: e43787ca
// 重构日志: e456a6c4
// 重构日志: aba3ffce
// 同步 ID: b2a53fad @ Wed Jul 22 11:03:24 UTC 2026
